Oct 19, 2015 3:27:51 PM org.apache.catalina.core.ApplicationContext log
INFO: Manager: init: Associated with Deployer 'Catalina:type=Deployer,host=localhost'
Oct 19, 2015 3:27:51 PM org.apache.catalina.core.ApplicationContext log
INFO: Manager: init: Global resources are available
Oct 19, 2015 3:27:51 PM org.apache.catalina.core.ApplicationContext log
INFO: Manager: list: Listing contexts for virtual host 'localhost'
Oct 19, 2015 3:27:51 PM org.apache.catalina.core.ApplicationContext log
INFO: Manager: list: Listing contexts for virtual host 'localhost'
Oct 19, 2015 3:30:11 PM org.apache.catalina.core.ApplicationContext log
INFO: Manager: list: Listing contexts for virtual host 'localhost'
Oct 19, 2015 3:30:11 PM org.apache.catalina.core.ApplicationContext log
INFO: Manager: list: Listing contexts for virtual host 'localhost'
Oct 19, 2015 3:30:11 PM org.apache.catalina.core.ApplicationContext log
INFO: Manager: install: Installing context configuration at 'file:/C:/Users/Gilberto/AppData/Local/Temp/context5449466681007108747.xml'
Oct 19, 2015 3:30:12 PM org.apache.catalina.core.ApplicationContext log
INFO: Manager: start: Starting web application '/Premoc'
Oct 19, 2015 3:35:32 PM org.apache.catalina.core.ApplicationContext log
INFO: Manager: list: Listing contexts for virtual host 'localhost'
Oct 19, 2015 3:35:32 PM org.apache.catalina.core.ApplicationContext log
INFO: Manager: restart: Reloading web application '/Premoc'
Oct 19, 2015 3:35:33 PM org.apache.catalina.core.ApplicationContext log
INFO: Manager: list: Listing contexts for virtual host 'localhost'
Oct 19, 2015 3:35:33 PM org.apache.catalina.core.ApplicationContext log
INFO: Manager: restart: Reloading web application '/Premoc'
Oct 19, 2015 3:35:36 PM org.apache.catalina.core.ApplicationContext log
INFO: Manager: list: Listing contexts for virtual host 'localhost'
Oct 19, 2015 3:35:36 PM org.apache.catalina.core.ApplicationContext log
INFO: Manager: restart: Reloading web application '/Premoc'
Oct 19, 2015 3:36:25 PM org.apache.catalina.core.ApplicationContext log
INFO: Manager: list: Listing contexts for virtual host 'localhost'
Oct 19, 2015 3:36:25 PM org.apache.catalina.core.ApplicationContext log
INFO: Manager: list: Listing contexts for virtual host 'localhost'
Oct 19, 2015 3:36:25 PM org.apache.catalina.core.ApplicationContext log
INFO: Manager: undeploy: Undeploying web application at '/Premoc'
Oct 19, 2015 3:36:26 PM org.apache.catalina.core.ApplicationContext log
INFO: Manager: install: Installing context configuration at 'file:/C:/Users/Gilberto/AppData/Local/Temp/context6555008641592808285.xml'
Oct 19, 2015 3:36:26 PM org.apache.catalina.core.ApplicationContext log
INFO: Manager: start: Starting web application '/Premoc'
Oct 19, 2015 3:36:46 PM org.apache.catalina.core.ApplicationContext log
INFO: Manager: list: Listing contexts for virtual host 'localhost'
Oct 19, 2015 3:36:46 PM org.apache.catalina.core.ApplicationContext log
INFO: Manager: list: Listing contexts for virtual host 'localhost'
