Oct 20, 2015 10:00:14 AM org.apache.catalina.core.ApplicationContext log
INFO: Manager: init: Associated with Deployer 'Catalina:type=Deployer,host=localhost'
Oct 20, 2015 10:00:14 AM org.apache.catalina.core.ApplicationContext log
INFO: Manager: init: Global resources are available
Oct 20, 2015 10:00:14 AM org.apache.catalina.core.ApplicationContext log
INFO: Manager: list: Listing contexts for virtual host 'localhost'
Oct 20, 2015 10:00:14 AM org.apache.catalina.core.ApplicationContext log
INFO: Manager: list: Listing contexts for virtual host 'localhost'
Oct 20, 2015 10:16:49 AM org.apache.catalina.core.ApplicationContext log
INFO: Manager: list: Listing contexts for virtual host 'localhost'
Oct 20, 2015 10:16:49 AM org.apache.catalina.core.ApplicationContext log
INFO: Manager: restart: Reloading web application '/Premoc'
Oct 20, 2015 10:16:50 AM org.apache.catalina.core.ApplicationContext log
INFO: Manager: list: Listing contexts for virtual host 'localhost'
Oct 20, 2015 10:16:50 AM org.apache.catalina.core.ApplicationContext log
INFO: Manager: restart: Reloading web application '/Premoc'
Oct 20, 2015 10:20:53 AM org.apache.catalina.core.ApplicationContext log
INFO: Manager: list: Listing contexts for virtual host 'localhost'
Oct 20, 2015 10:20:53 AM org.apache.catalina.core.ApplicationContext log
INFO: Manager: list: Listing contexts for virtual host 'localhost'
Oct 20, 2015 10:20:53 AM org.apache.catalina.core.ApplicationContext log
INFO: Manager: restart: Reloading web application '/Premoc'
Oct 20, 2015 10:24:40 AM org.apache.catalina.core.ApplicationContext log
INFO: Manager: list: Listing contexts for virtual host 'localhost'
Oct 20, 2015 10:24:40 AM org.apache.catalina.core.ApplicationContext log
INFO: Manager: restart: Reloading web application '/Premoc'
Oct 20, 2015 10:25:50 AM org.apache.catalina.core.ApplicationContext log
INFO: Manager: list: Listing contexts for virtual host 'localhost'
Oct 20, 2015 10:25:50 AM org.apache.catalina.core.ApplicationContext log
INFO: Manager: restart: Reloading web application '/Premoc'
Oct 20, 2015 10:28:19 AM org.apache.catalina.core.ApplicationContext log
INFO: Manager: list: Listing contexts for virtual host 'localhost'
Oct 20, 2015 10:28:19 AM org.apache.catalina.core.ApplicationContext log
INFO: Manager: restart: Reloading web application '/Premoc'
Oct 20, 2015 10:28:27 AM org.apache.catalina.core.ApplicationContext log
INFO: Manager: list: Listing contexts for virtual host 'localhost'
Oct 20, 2015 10:28:27 AM org.apache.catalina.core.ApplicationContext log
INFO: Manager: list: Listing contexts for virtual host 'localhost'
Oct 20, 2015 10:28:27 AM org.apache.catalina.core.ApplicationContext log
INFO: Manager: restart: Reloading web application '/Premoc'
Oct 20, 2015 10:32:00 AM org.apache.catalina.core.ApplicationContext log
INFO: Manager: list: Listing contexts for virtual host 'localhost'
Oct 20, 2015 10:32:00 AM org.apache.catalina.core.ApplicationContext log
INFO: Manager: restart: Reloading web application '/Premoc'
Oct 20, 2015 10:32:01 AM org.apache.catalina.core.ApplicationContext log
INFO: Manager: list: Listing contexts for virtual host 'localhost'
Oct 20, 2015 10:32:01 AM org.apache.catalina.core.ApplicationContext log
INFO: Manager: restart: Reloading web application '/Premoc'
Oct 20, 2015 10:32:31 AM org.apache.catalina.core.ApplicationContext log
INFO: Manager: list: Listing contexts for virtual host 'localhost'
Oct 20, 2015 10:32:31 AM org.apache.catalina.core.ApplicationContext log
INFO: Manager: list: Listing contexts for virtual host 'localhost'
Oct 20, 2015 10:32:31 AM org.apache.catalina.core.ApplicationContext log
INFO: Manager: restart: Reloading web application '/Premoc'
Oct 20, 2015 10:34:00 AM org.apache.catalina.core.ApplicationContext log
INFO: Manager: list: Listing contexts for virtual host 'localhost'
Oct 20, 2015 10:34:00 AM org.apache.catalina.core.ApplicationContext log
INFO: Manager: restart: Reloading web application '/Premoc'
Oct 20, 2015 10:34:01 AM org.apache.catalina.core.ApplicationContext log
INFO: Manager: list: Listing contexts for virtual host 'localhost'
Oct 20, 2015 10:34:01 AM org.apache.catalina.core.ApplicationContext log
INFO: Manager: restart: Reloading web application '/Premoc'
Oct 20, 2015 10:36:57 AM org.apache.catalina.core.ApplicationContext log
INFO: Manager: list: Listing contexts for virtual host 'localhost'
Oct 20, 2015 10:36:57 AM org.apache.catalina.core.ApplicationContext log
INFO: Manager: restart: Reloading web application '/Premoc'
Oct 20, 2015 10:36:58 AM org.apache.catalina.core.ApplicationContext log
INFO: Manager: list: Listing contexts for virtual host 'localhost'
Oct 20, 2015 10:36:58 AM org.apache.catalina.core.ApplicationContext log
INFO: Manager: restart: Reloading web application '/Premoc'
Oct 20, 2015 10:36:59 AM org.apache.catalina.core.ApplicationContext log
INFO: Manager: list: Listing contexts for virtual host 'localhost'
Oct 20, 2015 10:36:59 AM org.apache.catalina.core.ApplicationContext log
INFO: Manager: list: Listing contexts for virtual host 'localhost'
Oct 20, 2015 10:36:59 AM org.apache.catalina.core.ApplicationContext log
INFO: Manager: restart: Reloading web application '/Premoc'
Oct 20, 2015 10:38:32 AM org.apache.catalina.core.ApplicationContext log
INFO: Manager: list: Listing contexts for virtual host 'localhost'
Oct 20, 2015 10:38:32 AM org.apache.catalina.core.ApplicationContext log
INFO: Manager: restart: Reloading web application '/Premoc'
Oct 20, 2015 10:38:33 AM org.apache.catalina.core.ApplicationContext log
INFO: Manager: list: Listing contexts for virtual host 'localhost'
Oct 20, 2015 10:38:33 AM org.apache.catalina.core.ApplicationContext log
INFO: Manager: restart: Reloading web application '/Premoc'
Oct 20, 2015 10:39:45 AM org.apache.catalina.core.ApplicationContext log
INFO: Manager: list: Listing contexts for virtual host 'localhost'
Oct 20, 2015 10:39:45 AM org.apache.catalina.core.ApplicationContext log
INFO: Manager: list: Listing contexts for virtual host 'localhost'
Oct 20, 2015 10:39:45 AM org.apache.catalina.core.ApplicationContext log
INFO: Manager: restart: Reloading web application '/Premoc'
Oct 20, 2015 10:41:34 AM org.apache.catalina.core.ApplicationContext log
INFO: Manager: list: Listing contexts for virtual host 'localhost'
Oct 20, 2015 10:41:34 AM org.apache.catalina.core.ApplicationContext log
INFO: Manager: restart: Reloading web application '/Premoc'
Oct 20, 2015 10:41:36 AM org.apache.catalina.core.ApplicationContext log
INFO: Manager: list: Listing contexts for virtual host 'localhost'
Oct 20, 2015 10:41:36 AM org.apache.catalina.core.ApplicationContext log
INFO: Manager: list: Listing contexts for virtual host 'localhost'
Oct 20, 2015 10:41:36 AM org.apache.catalina.core.ApplicationContext log
INFO: Manager: restart: Reloading web application '/Premoc'
Oct 20, 2015 11:54:47 AM org.apache.catalina.core.ApplicationContext log
INFO: Manager: list: Listing contexts for virtual host 'localhost'
Oct 20, 2015 11:54:47 AM org.apache.catalina.core.ApplicationContext log
INFO: Manager: restart: Reloading web application '/Premoc'
Oct 20, 2015 12:01:44 PM org.apache.catalina.core.ApplicationContext log
INFO: Manager: list: Listing contexts for virtual host 'localhost'
Oct 20, 2015 12:01:44 PM org.apache.catalina.core.ApplicationContext log
INFO: Manager: restart: Reloading web application '/Premoc'
Oct 20, 2015 12:03:04 PM org.apache.catalina.core.ApplicationContext log
INFO: Manager: list: Listing contexts for virtual host 'localhost'
Oct 20, 2015 12:03:04 PM org.apache.catalina.core.ApplicationContext log
INFO: Manager: restart: Reloading web application '/Premoc'
Oct 20, 2015 12:03:05 PM org.apache.catalina.core.ApplicationContext log
INFO: Manager: list: Listing contexts for virtual host 'localhost'
Oct 20, 2015 12:03:05 PM org.apache.catalina.core.ApplicationContext log
INFO: Manager: restart: Reloading web application '/Premoc'
Oct 20, 2015 12:11:25 PM org.apache.catalina.core.ApplicationContext log
INFO: Manager: list: Listing contexts for virtual host 'localhost'
Oct 20, 2015 12:11:25 PM org.apache.catalina.core.ApplicationContext log
INFO: Manager: list: Listing contexts for virtual host 'localhost'
Oct 20, 2015 12:11:25 PM org.apache.catalina.core.ApplicationContext log
INFO: Manager: restart: Reloading web application '/Premoc'
Oct 20, 2015 3:01:21 PM org.apache.catalina.core.ApplicationContext log
INFO: Manager: init: Associated with Deployer 'Catalina:type=Deployer,host=localhost'
Oct 20, 2015 3:01:21 PM org.apache.catalina.core.ApplicationContext log
INFO: Manager: init: Global resources are available
Oct 20, 2015 3:01:21 PM org.apache.catalina.core.ApplicationContext log
INFO: Manager: list: Listing contexts for virtual host 'localhost'
Oct 20, 2015 3:01:21 PM org.apache.catalina.core.ApplicationContext log
INFO: Manager: list: Listing contexts for virtual host 'localhost'
Oct 20, 2015 3:01:21 PM org.apache.catalina.core.ApplicationContext log
INFO: Manager: restart: Reloading web application '/Premoc'
Oct 20, 2015 3:14:31 PM org.apache.catalina.core.ApplicationContext log
INFO: Manager: list: Listing contexts for virtual host 'localhost'
Oct 20, 2015 3:14:31 PM org.apache.catalina.core.ApplicationContext log
INFO: Manager: list: Listing contexts for virtual host 'localhost'
Oct 20, 2015 3:14:31 PM org.apache.catalina.core.ApplicationContext log
INFO: Manager: restart: Reloading web application '/Premoc'
Oct 20, 2015 3:17:41 PM org.apache.catalina.core.ApplicationContext log
INFO: Manager: list: Listing contexts for virtual host 'localhost'
Oct 20, 2015 3:17:41 PM org.apache.catalina.core.ApplicationContext log
INFO: Manager: list: Listing contexts for virtual host 'localhost'
Oct 20, 2015 3:19:45 PM org.apache.catalina.core.ApplicationContext log
INFO: Manager: list: Listing contexts for virtual host 'localhost'
Oct 20, 2015 3:19:45 PM org.apache.catalina.core.ApplicationContext log
INFO: Manager: list: Listing contexts for virtual host 'localhost'
Oct 20, 2015 3:19:45 PM org.apache.catalina.core.ApplicationContext log
INFO: Manager: restart: Reloading web application '/Premoc'
