nov 10, 2015 12:32:06 PM org.apache.catalina.core.ApplicationContext log
INFORMACIÓN: Manager: init: Associated with Deployer 'Catalina:type=Deployer,host=localhost'
nov 10, 2015 12:32:06 PM org.apache.catalina.core.ApplicationContext log
INFORMACIÓN: Manager: init: Global resources are available
nov 10, 2015 12:32:06 PM org.apache.catalina.core.ApplicationContext log
INFORMACIÓN: Manager: list: Listing contexts for virtual host 'localhost'
nov 10, 2015 12:32:06 PM org.apache.catalina.core.ApplicationContext log
INFORMACIÓN: Manager: list: Listing contexts for virtual host 'localhost'
nov 10, 2015 12:32:06 PM org.apache.catalina.core.ApplicationContext log
INFORMACIÓN: Manager: install: Installing context configuration at 'file:/C:/Users/Gilberto/AppData/Local/Temp/context230269899002932523.xml'
nov 10, 2015 12:32:44 PM org.apache.catalina.core.ApplicationContext log
INFORMACIÓN: Manager: list: Listing contexts for virtual host 'localhost'
nov 10, 2015 12:32:44 PM org.apache.catalina.core.ApplicationContext log
INFORMACIÓN: Manager: list: Listing contexts for virtual host 'localhost'
nov 10, 2015 12:32:44 PM org.apache.catalina.core.ApplicationContext log
INFORMACIÓN: Manager: install: Installing context configuration at 'file:/C:/Users/Gilberto/AppData/Local/Temp/context6884250178865210705.xml'
nov 10, 2015 12:32:44 PM org.apache.catalina.core.ApplicationContext log
INFORMACIÓN: Manager: start: Starting web application '/Premoc'
nov 10, 2015 12:33:27 PM org.apache.catalina.core.ApplicationContext log
INFORMACIÓN: Manager: list: Listing contexts for virtual host 'localhost'
nov 10, 2015 12:33:28 PM org.apache.catalina.core.ApplicationContext log
INFORMACIÓN: Manager: undeploy: Undeploying web application at '/Premoc1'
nov 10, 2015 12:33:28 PM org.apache.catalina.core.ApplicationContext log
INFORMACIÓN: Manager: install: Installing context configuration at 'file:/C:/Users/Gilberto/AppData/Local/Temp/context1034022393621306862.xml'
nov 10, 2015 12:34:59 PM org.apache.catalina.core.ApplicationContext log
INFORMACIÓN: Manager: list: Listing contexts for virtual host 'localhost'
nov 10, 2015 12:34:59 PM org.apache.catalina.core.ApplicationContext log
INFORMACIÓN: Manager: list: Listing contexts for virtual host 'localhost'
nov 10, 2015 12:34:59 PM org.apache.catalina.core.ApplicationContext log
INFORMACIÓN: Manager: install: Installing context configuration at 'file:/C:/Users/Gilberto/AppData/Local/Temp/context2590889504419244659.xml'
